Arguments: 
  /usr/bin/node /usr/bin/yarn

PATH: 
  /usr/local/sbin:/usr/local/bin:/usr/sbin:/usr/bin:/sbin:/bin:/usr/games:/usr/local/games:/mnt/c/WINDOWS/system32:/mnt/c/WINDOWS:/mnt/c/WINDOWS/System32/Wbem:/mnt/c/WINDOWS/System32/WindowsPowerShell/v1.0/:/mnt/c/WINDOWS/System32/OpenSSH/:/mnt/c/Program Files/Docker/Docker/resources/bin:/mnt/c/ProgramData/DockerDesktop/version-bin:/mnt/c/Users/hiago/AppData/Local/Microsoft/WindowsApps:/mnt/c/Users/hiago/AppData/Local/Programs/Microsoft VS Code/bin

Yarn version: 
  1.22.4

Node version: 
  10.22.1

Platform: 
  linux x64

Trace: 
  SyntaxError: /home/hiago/react/ReactEvents/backend/package.json: Unexpected token , in JSON at position 548
      at JSON.parse (<anonymous>)
      at /usr/lib/node_modules/yarn/lib/cli.js:1625:59
      at Generator.next (<anonymous>)
      at step (/usr/lib/node_modules/yarn/lib/cli.js:310:30)
      at /usr/lib/node_modules/yarn/lib/cli.js:321:13

npm manifest: 
  {
    "name": "node",
    "version": "1.0.0",
    "main": "index.js",
    "license": "MIT",
    "scripts": {
      "build": "tsc",
      "dev:server": "ts-node-dev src/server.ts",
      "typeorm": "ts-node-dev ./node_modules/typeorm/cli.js"
    },
    "dependencies": {
      "bcryptjs": "^2.4.3",
      "date-fns": "^2.15.0",
      "express": "^4.17.1",
      "install": "^0.13.0",
      "pg": "^8.3.0",
      "typeorm": "^0.2.25",
      "@types/express": "4.17.2",
      "@types/express-serve-static-core": "4.16.8",
      "@types/node": "^12.12.5",
      "typescript": "^3.6.4"
    }
    },
    "devDependencies": {
      "@types/bcryptjs": "^2.4.2",
      "@types/node": "^14.11.2",
      "@typescript-eslint/eslint-plugin": "^3.8.0",
      "@typescript-eslint/parser": "^3.8.0",
      "eslint": "^7.6.0",
      "eslint-config-airbnb-base": "^14.2.0",
      "eslint-config-prettier": "^6.11.0",
      "eslint-import-resolver-typescript": "^2.2.0",
      "eslint-plugin-import": "^2.22.0",
      "eslint-plugin-prettier": "^3.1.4",
      "prettier": "^2.0.5",
      "ts-node": "^9.0.0",
      "ts-node-dev": "^1.0.0-pre.56",
      "typescript": "^3.9.7"
    }
  }

yarn manifest: 
  No manifest

Lockfile: 
  No lockfile
